2021-06-01 12:44:11,246 - bot - INFO - Starting bot...
2021-06-01 12:44:11,426 - bot - INFO - Pyrogram v1.2.9 (Layer - 126) started on terabyt3promobot [1274744123]
2021-06-01 12:44:11,426 - bot - INFO - Python Version: 3.8.0

2021-06-01 12:44:11,427 - bot - INFO - Bot Started Successfully!

2021-06-01 12:44:26,922 - root - INFO - Stop signal received (2). Exiting...
2021-06-01 12:44:27,782 - bot - INFO - Uploading logs before stopping...!

2021-06-01 12:44:38,025 - pyrogram.connection.connection - WARNING - Unable to connect due to network issues: timed out
2021-06-01 12:44:38,343 - asyncio - ERROR - An open stream object is being garbage collected; call "stream.close()" explicitly.
2021-06-01 12:44:48,347 - pyrogram.connection.connection - WARNING - Unable to connect due to network issues: timed out
2021-06-01 12:44:58,350 - root - INFO - Stop signal received (2). Exiting...
2021-06-01 12:44:58,351 - pyrogram.connection.connection - WARNING - Unable to connect due to network issues: timed out
2021-06-01 12:45:08,358 - root - INFO - Stop signal received (2). Exiting...
2021-06-01 12:45:08,358 - pyrogram.connection.connection - WARNING - Unable to connect due to network issues: timed out
2021-06-01 12:45:18,375 - pyrogram.connection.connection - WARNING - Unable to connect due to network issues: timed out
2021-06-01 12:45:28,488 - root - INFO - Stop signal received (2). Exiting...
2021-06-01 12:45:28,488 - pyrogram.connection.connection - WARNING - Unable to connect due to network issues: timed out
2021-06-01 12:45:28,504 - pyrogram.connection.connection - WARNING - Connection failed! Trying again...
2021-06-01 12:45:38,515 - pyrogram.connection.connection - WARNING - Unable to connect due to network issues: timed out
2021-06-01 12:45:38,530 - pyrogram.connection.connection - WARNING - Connection failed! Trying again...
2021-06-01 12:45:49,539 - pyrogram.connection.connection - WARNING - Unable to connect due to network issues: timed out
2021-06-01 12:45:59,543 - pyrogram.connection.connection - WARNING - Unable to connect due to network issues: timed out
2021-06-01 12:46:09,569 - pyrogram.connection.connection - WARNING - Unable to connect due to network issues: timed out
2021-06-01 12:46:19,590 - pyrogram.connection.connection - WARNING - Unable to connect due to network issues: timed out
2021-06-01 12:46:19,714 - pyrogram.connection.connection - WARNING - Connection failed! Trying again...
2021-06-01 12:46:29,717 - root - INFO - Stop signal received (2). Exiting...
2021-06-01 12:46:29,717 - pyrogram.connection.connection - WARNING - Unable to connect due to network issues: timed out
2021-06-01 12:46:39,725 - pyrogram.connection.connection - WARNING - Unable to connect due to network issues: timed out
2021-06-01 12:46:40,749 - pyrogram.connection.connection - WARNING - Connection failed! Trying again...
2021-06-01 12:46:42,211 - bot - INFO - Bot Stopped [Runtime: 00h 00m 22ss]

        
