2021-05-31 16:31:36,709 - sqlalchemy.engine.Engine - INFO - select version()
2021-05-31 16:31:36,710 - sqlalchemy.engine.Engine - INFO - [raw sql] {}
2021-05-31 16:31:36,713 - sqlalchemy.engine.Engine - INFO - select current_schema()
2021-05-31 16:31:36,713 - sqlalchemy.engine.Engine - INFO - [raw sql] {}
2021-05-31 16:31:36,715 - sqlalchemy.engine.Engine - INFO - show standard_conforming_strings
2021-05-31 16:31:36,716 - sqlalchemy.engine.Engine - INFO - [raw sql] {}
2021-05-31 16:31:36,717 - sqlalchemy.engine.Engine - INFO - BEGIN (implicit)
2021-05-31 16:31:36,718 - sqlalchemy.engine.Engine - INFO - COMMIT
2021-05-31 16:31:47,288 - sqlalchemy.engine.Engine - INFO - BEGIN (implicit)
2021-05-31 16:31:47,288 - sqlalchemy.engine.Engine - INFO - select relname from pg_class c join pg_namespace n on n.oid=c.relnamespace where pg_catalog.pg_table_is_visible(c.oid) and relname=%(name)s
2021-05-31 16:31:47,288 - sqlalchemy.engine.Engine - INFO - [generated in 0.00155s] {'name': 'users'}
2021-05-31 16:31:47,320 - sqlalchemy.engine.Engine - INFO - COMMIT
2021-05-31 16:31:47,459 - bot - INFO - Starting bot...
2021-05-31 16:31:47,638 - bot - INFO - Pyrogram v1.2.9 (Layer - 126) started on terabyt3promobot [1274744123]
2021-05-31 16:31:47,653 - bot - INFO - Python Version: 3.8.0

2021-05-31 16:31:47,653 - bot - INFO - Bot Started Successfully!

2021-05-31 16:31:55,613 - sqlalchemy.engine.Engine - INFO - BEGIN (implicit)
2021-05-31 16:31:55,613 - sqlalchemy.engine.Engine - INFO - SELECT users.id AS users_id, users.chat_id AS users_chat_id, users.first_name AS users_first_name, users.last_name AS users_last_name, users.username AS users_username, users.date AS users_date 
FROM users 
WHERE users.chat_id = %(chat_id_1)s
2021-05-31 16:31:55,613 - sqlalchemy.engine.Engine - INFO - [generated in 0.00189s] {'chat_id_1': 431108047}
2021-05-31 16:31:55,686 - sqlalchemy.engine.Engine - INFO - INSERT INTO users (chat_id, first_name, last_name, username, date) VALUES (%(chat_id)s, %(first_name)s, %(last_name)s, %(username)s, %(date)s) RETURNING users.id
2021-05-31 16:31:56,450 - sqlalchemy.engine.Engine - INFO - COMMIT
2021-05-31 16:31:56,452 - bot - INFO - New User : chat_id 431108047 username iamAPK
2021-05-31 16:35:24,632 - root - INFO - Stop signal received (2). Exiting...
2021-05-31 16:35:25,010 - bot - INFO - Uploading logs before stopping...!

2021-05-31 16:35:26,952 - bot - INFO - Bot Stopped [Runtime: 00h 03m 50ss]

        
