2021-05-31 20:27:48,568 - bot - INFO - Starting bot...
2021-05-31 20:27:48,884 - bot - INFO - Pyrogram v1.2.9 (Layer - 126) started on terabyt3promobot [1274744123]
2021-05-31 20:27:48,884 - bot - INFO - Python Version: 3.8.0

2021-05-31 20:27:48,884 - bot - INFO - Bot Started Successfully!

2021-05-31 20:27:51,766 - bot - INFO - Getting Channel registed by 431108047
2021-05-31 20:27:51,781 - pyrogram.dispatcher - ERROR - object of type 'int' has no len()
Traceback (most recent call last):
  File "G:\BOT\crosspromobot\.venv\lib\site-packages\pyrogram\dispatcher.py", line 217, in handler_worker
    await handler.callback(self.client, *args)
  File "G:\BOT\crosspromobot\bin\bot\plugins\remove_channel.py", line 11, in remove_channel_message
    await bot.edit_message_text(message.from_user.id,message.message.message_id,"Select the channel to remove:",
  File "G:\BOT\crosspromobot\.venv\lib\site-packages\pyrogram\methods\messages\edit_message_text.py", line 83, in edit_message_text
    r = await self.send(
  File "G:\BOT\crosspromobot\.venv\lib\site-packages\pyrogram\methods\advanced\send.py", line 77, in send
    r = await self.session.send(
  File "G:\BOT\crosspromobot\.venv\lib\site-packages\pyrogram\session\session.py", line 425, in send
    return await self._send(data, timeout=timeout)
  File "G:\BOT\crosspromobot\.venv\lib\site-packages\pyrogram\session\session.py", line 354, in _send
    message = self.msg_factory(data)
  File "G:\BOT\crosspromobot\.venv\lib\site-packages\pyrogram\session\internals\msg_factory.py", line 37, in __call__
    len(body)
  File "G:\BOT\crosspromobot\.venv\lib\site-packages\pyrogram\raw\core\tl_object.py", line 76, in __len__
    return len(self.write())
  File "G:\BOT\crosspromobot\.venv\lib\site-packages\pyrogram\raw\functions\messages\edit_message.py", line 112, in write
    data.write(self.reply_markup.write())
  File "G:\BOT\crosspromobot\.venv\lib\site-packages\pyrogram\raw\types\reply_inline_markup.py", line 66, in write
    data.write(Vector(self.rows))
  File "G:\BOT\crosspromobot\.venv\lib\site-packages\pyrogram\raw\core\primitives\vector.py", line 51, in __new__
    + [cast(bytes, t(i)) if t else i.write() for i in value]
  File "G:\BOT\crosspromobot\.venv\lib\site-packages\pyrogram\raw\core\primitives\vector.py", line 51, in <listcomp>
    + [cast(bytes, t(i)) if t else i.write() for i in value]
  File "G:\BOT\crosspromobot\.venv\lib\site-packages\pyrogram\raw\types\keyboard_button_row.py", line 66, in write
    data.write(Vector(self.buttons))
  File "G:\BOT\crosspromobot\.venv\lib\site-packages\pyrogram\raw\core\primitives\vector.py", line 51, in __new__
    + [cast(bytes, t(i)) if t else i.write() for i in value]
  File "G:\BOT\crosspromobot\.venv\lib\site-packages\pyrogram\raw\core\primitives\vector.py", line 51, in <listcomp>
    + [cast(bytes, t(i)) if t else i.write() for i in value]
  File "G:\BOT\crosspromobot\.venv\lib\site-packages\pyrogram\raw\types\keyboard_button_callback.py", line 77, in write
    data.write(Bytes(self.data))
  File "G:\BOT\crosspromobot\.venv\lib\site-packages\pyrogram\raw\core\primitives\bytes.py", line 41, in __new__
    length = len(value)
TypeError: object of type 'int' has no len()
2021-05-31 20:28:07,737 - root - INFO - Stop signal received (2). Exiting...
2021-05-31 20:28:08,479 - bot - INFO - Uploading logs before stopping...!

2021-05-31 20:28:10,492 - bot - INFO - Bot Stopped [Runtime: 00h 00m 25ss]

        
