2021-05-31 16:36:35,524 - bot - INFO - Starting bot...
2021-05-31 16:36:35,729 - bot - INFO - Pyrogram v1.2.9 (Layer - 126) started on terabyt3promobot [1274744123]
2021-05-31 16:36:35,730 - bot - INFO - Python Version: 3.8.0

2021-05-31 16:36:35,731 - bot - INFO - Bot Started Successfully!

2021-05-31 17:13:33,950 - asyncio - ERROR - An open stream object is being garbage collected; call "stream.close()" explicitly.
2021-05-31 18:02:45,284 - asyncio - ERROR - An open stream object is being garbage collected; call "stream.close()" explicitly.
2021-05-31 18:21:15,274 - asyncio - ERROR - An open stream object is being garbage collected; call "stream.close()" explicitly.
2021-05-31 18:21:25,385 - pyrogram.connection.connection - WARNING - Unable to connect due to network issues: timed out
2021-05-31 19:16:56,256 - root - INFO - Stop signal received (2). Exiting...
2021-05-31 19:16:56,218 - root - INFO - Stop signal received (2). Exiting...
2021-05-31 19:16:56,187 - root - INFO - Stop signal received (2). Exiting...
2021-05-31 19:16:56,155 - root - INFO - Stop signal received (2). Exiting...
2021-05-31 19:16:56,115 - root - INFO - Stop signal received (2). Exiting...
2021-05-31 19:16:56,471 - root - INFO - Stop signal received (2). Exiting...
2021-05-31 19:16:56,024 - root - INFO - Stop signal received (2). Exiting...
2021-05-31 19:16:56,471 - root - INFO - Stop signal received (2). Exiting...
2021-05-31 19:16:56,471 - root - INFO - Stop signal received (2). Exiting...
2021-05-31 19:16:56,471 - root - INFO - Stop signal received (2). Exiting...
2021-05-31 19:16:56,521 - root - INFO - Stop signal received (2). Exiting...
2021-05-31 19:16:56,573 - root - INFO - Stop signal received (2). Exiting...
2021-05-31 19:16:56,582 - root - INFO - Stop signal received (2). Exiting...
2021-05-31 19:16:56,601 - root - INFO - Stop signal received (2). Exiting...
2021-05-31 19:16:56,618 - root - INFO - Stop signal received (2). Exiting...
2021-05-31 19:16:58,838 - bot - INFO - Uploading logs before stopping...!

2021-05-31 19:17:04,118 - bot - INFO - Bot Stopped [Runtime: 02h 40m 29ss]

        
