2021-05-31 20:21:08,352 - bot - INFO - Starting bot...
2021-05-31 20:21:08,569 - bot - INFO - Pyrogram v1.2.9 (Layer - 126) started on terabyt3promobot [1274744123]
2021-05-31 20:21:08,569 - bot - INFO - Python Version: 3.8.0

2021-05-31 20:21:08,569 - bot - INFO - Bot Started Successfully!

2021-05-31 20:21:14,123 - bot - INFO - Getting Channel registed by 431108047
2021-05-31 20:21:14,123 - pyrogram.dispatcher - ERROR - 'list' object has no attribute 'write'
Traceback (most recent call last):
  File "G:\BOT\crosspromobot\.venv\lib\site-packages\pyrogram\dispatcher.py", line 217, in handler_worker
    await handler.callback(self.client, *args)
  File "G:\BOT\crosspromobot\bin\bot\plugins\remove_channel.py", line 11, in remove_channel_message
    await bot.edit_message_text(message.from_user.id,message.message.message_id,"Select the channel to remove:",
  File "G:\BOT\crosspromobot\.venv\lib\site-packages\pyrogram\methods\messages\edit_message_text.py", line 88, in edit_message_text
    reply_markup=await reply_markup.write(self) if reply_markup else None,
AttributeError: 'list' object has no attribute 'write'
2021-05-31 20:22:08,790 - asyncio - ERROR - An open stream object is being garbage collected; call "stream.close()" explicitly.
2021-05-31 20:22:18,793 - pyrogram.connection.connection - WARNING - Unable to connect due to network issues: timed out
2021-05-31 20:22:19,820 - pyrogram.connection.connection - WARNING - Unable to connect due to network issues: [WinError 10065] A socket operation was attempted to an unreachable host
2021-05-31 20:22:20,857 - pyrogram.connection.connection - WARNING - Unable to connect due to network issues: [WinError 10065] A socket operation was attempted to an unreachable host
2021-05-31 20:22:21,878 - pyrogram.connection.connection - WARNING - Connection failed! Trying again...
2021-05-31 20:22:21,910 - pyrogram.connection.connection - WARNING - Unable to connect due to network issues: [WinError 10065] A socket operation was attempted to an unreachable host
2021-05-31 20:22:22,936 - pyrogram.connection.connection - WARNING - Unable to connect due to network issues: [WinError 10051] A socket operation was attempted to an unreachable network
2021-05-31 20:22:23,970 - pyrogram.connection.connection - WARNING - Unable to connect due to network issues: [WinError 10051] A socket operation was attempted to an unreachable network
2021-05-31 20:22:24,988 - pyrogram.connection.connection - WARNING - Connection failed! Trying again...
2021-05-31 20:22:24,995 - pyrogram.connection.connection - WARNING - Unable to connect due to network issues: [WinError 10051] A socket operation was attempted to an unreachable network
2021-05-31 20:22:26,008 - pyrogram.connection.connection - WARNING - Unable to connect due to network issues: [WinError 10051] A socket operation was attempted to an unreachable network
2021-05-31 20:22:27,043 - pyrogram.connection.connection - WARNING - Unable to connect due to network issues: [WinError 10051] A socket operation was attempted to an unreachable network
2021-05-31 20:22:28,060 - pyrogram.connection.connection - WARNING - Connection failed! Trying again...
2021-05-31 20:22:38,087 - pyrogram.connection.connection - WARNING - Unable to connect due to network issues: timed out
2021-05-31 20:22:42,243 - pyrogram.connection.connection - WARNING - Unable to connect due to network issues: [WinError 10053] An established connection was aborted by the software in your host machine
2021-05-31 20:22:43,281 - pyrogram.connection.connection - WARNING - Unable to connect due to network issues: [WinError 10051] A socket operation was attempted to an unreachable network
2021-05-31 20:22:44,290 - pyrogram.connection.connection - WARNING - Connection failed! Trying again...
2021-05-31 20:22:44,321 - pyrogram.connection.connection - WARNING - Unable to connect due to network issues: [WinError 10051] A socket operation was attempted to an unreachable network
2021-05-31 20:22:45,355 - pyrogram.connection.connection - WARNING - Unable to connect due to network issues: [WinError 10051] A socket operation was attempted to an unreachable network
2021-05-31 20:22:46,393 - pyrogram.connection.connection - WARNING - Unable to connect due to network issues: [WinError 10051] A socket operation was attempted to an unreachable network
2021-05-31 20:22:47,421 - pyrogram.connection.connection - WARNING - Connection failed! Trying again...
2021-05-31 20:22:47,436 - pyrogram.connection.connection - WARNING - Unable to connect due to network issues: [WinError 10051] A socket operation was attempted to an unreachable network
2021-05-31 20:22:48,458 - pyrogram.connection.connection - WARNING - Unable to connect due to network issues: [WinError 10051] A socket operation was attempted to an unreachable network
2021-05-31 20:22:49,499 - pyrogram.connection.connection - WARNING - Unable to connect due to network issues: [WinError 10051] A socket operation was attempted to an unreachable network
2021-05-31 20:22:50,511 - pyrogram.connection.connection - WARNING - Connection failed! Trying again...
2021-05-31 20:22:50,527 - pyrogram.connection.connection - WARNING - Unable to connect due to network issues: [WinError 10051] A socket operation was attempted to an unreachable network
2021-05-31 20:22:51,543 - pyrogram.connection.connection - WARNING - Unable to connect due to network issues: [WinError 10051] A socket operation was attempted to an unreachable network
2021-05-31 20:22:52,567 - pyrogram.connection.connection - WARNING - Unable to connect due to network issues: [WinError 10051] A socket operation was attempted to an unreachable network
2021-05-31 20:22:53,586 - pyrogram.connection.connection - WARNING - Connection failed! Trying again...
2021-05-31 20:22:53,602 - pyrogram.connection.connection - WARNING - Unable to connect due to network issues: [WinError 10051] A socket operation was attempted to an unreachable network
2021-05-31 20:23:04,618 - pyrogram.connection.connection - WARNING - Unable to connect due to network issues: timed out
2021-05-31 20:23:15,628 - pyrogram.connection.connection - WARNING - Unable to connect due to network issues: timed out
2021-05-31 20:23:16,639 - pyrogram.connection.connection - WARNING - Connection failed! Trying again...
2021-05-31 20:23:26,669 - pyrogram.connection.connection - WARNING - Unable to connect due to network issues: timed out
2021-05-31 20:23:37,699 - pyrogram.connection.connection - WARNING - Unable to connect due to network issues: timed out
2021-05-31 20:23:38,716 - pyrogram.connection.connection - WARNING - Unable to connect due to network issues: [WinError 10065] A socket operation was attempted to an unreachable host
2021-05-31 20:23:39,723 - pyrogram.connection.connection - WARNING - Connection failed! Trying again...
2021-05-31 20:23:39,738 - pyrogram.connection.connection - WARNING - Unable to connect due to network issues: [WinError 10065] A socket operation was attempted to an unreachable host
2021-05-31 20:23:40,773 - pyrogram.connection.connection - WARNING - Unable to connect due to network issues: [WinError 10065] A socket operation was attempted to an unreachable host
2021-05-31 20:23:41,809 - pyrogram.connection.connection - WARNING - Unable to connect due to network issues: [WinError 10065] A socket operation was attempted to an unreachable host
2021-05-31 20:23:42,818 - pyrogram.connection.connection - WARNING - Connection failed! Trying again...
2021-05-31 20:23:42,834 - pyrogram.connection.connection - WARNING - Unable to connect due to network issues: [WinError 10051] A socket operation was attempted to an unreachable network
2021-05-31 20:23:43,872 - pyrogram.connection.connection - WARNING - Unable to connect due to network issues: [WinError 10051] A socket operation was attempted to an unreachable network
2021-05-31 20:23:44,899 - pyrogram.connection.connection - WARNING - Unable to connect due to network issues: [WinError 10051] A socket operation was attempted to an unreachable network
2021-05-31 20:23:45,921 - pyrogram.connection.connection - WARNING - Connection failed! Trying again...
2021-05-31 20:23:58,643 - pyrogram.connection.connection - WARNING - Unable to connect due to network issues: timed out
2021-05-31 20:24:09,686 - pyrogram.connection.connection - WARNING - Unable to connect due to network issues: timed out
2021-05-31 20:24:10,718 - pyrogram.connection.connection - WARNING - Unable to connect due to network issues: [WinError 10051] A socket operation was attempted to an unreachable network
2021-05-31 20:24:11,740 - pyrogram.connection.connection - WARNING - Connection failed! Trying again...
2021-05-31 20:24:11,744 - pyrogram.connection.connection - WARNING - Unable to connect due to network issues: [WinError 10051] A socket operation was attempted to an unreachable network
2021-05-31 20:24:12,771 - pyrogram.connection.connection - WARNING - Unable to connect due to network issues: [WinError 10051] A socket operation was attempted to an unreachable network
2021-05-31 20:24:13,804 - pyrogram.connection.connection - WARNING - Unable to connect due to network issues: [WinError 10051] A socket operation was attempted to an unreachable network
2021-05-31 20:24:14,816 - pyrogram.connection.connection - WARNING - Connection failed! Trying again...
2021-05-31 20:24:14,854 - pyrogram.connection.connection - WARNING - Unable to connect due to network issues: [WinError 10051] A socket operation was attempted to an unreachable network
2021-05-31 20:24:15,870 - pyrogram.connection.connection - WARNING - Unable to connect due to network issues: [WinError 10051] A socket operation was attempted to an unreachable network
2021-05-31 20:24:16,893 - pyrogram.connection.connection - WARNING - Unable to connect due to network issues: [WinError 10051] A socket operation was attempted to an unreachable network
2021-05-31 20:24:17,920 - pyrogram.connection.connection - WARNING - Connection failed! Trying again...
2021-05-31 20:24:17,947 - pyrogram.connection.connection - WARNING - Unable to connect due to network issues: [WinError 10051] A socket operation was attempted to an unreachable network
2021-05-31 20:24:18,982 - pyrogram.connection.connection - WARNING - Unable to connect due to network issues: [WinError 10051] A socket operation was attempted to an unreachable network
2021-05-31 20:24:20,010 - pyrogram.connection.connection - WARNING - Unable to connect due to network issues: [WinError 10051] A socket operation was attempted to an unreachable network
2021-05-31 20:24:21,027 - pyrogram.connection.connection - WARNING - Connection failed! Trying again...
2021-05-31 20:24:21,058 - pyrogram.connection.connection - WARNING - Unable to connect due to network issues: [WinError 10051] A socket operation was attempted to an unreachable network
2021-05-31 20:24:22,094 - pyrogram.connection.connection - WARNING - Unable to connect due to network issues: [WinError 10051] A socket operation was attempted to an unreachable network
2021-05-31 20:24:23,129 - pyrogram.connection.connection - WARNING - Unable to connect due to network issues: [WinError 10051] A socket operation was attempted to an unreachable network
2021-05-31 20:24:24,154 - pyrogram.connection.connection - WARNING - Connection failed! Trying again...
2021-05-31 20:24:24,170 - pyrogram.connection.connection - WARNING - Unable to connect due to network issues: [WinError 10051] A socket operation was attempted to an unreachable network
2021-05-31 20:24:25,191 - pyrogram.connection.connection - WARNING - Unable to connect due to network issues: [WinError 10051] A socket operation was attempted to an unreachable network
2021-05-31 20:24:26,213 - pyrogram.connection.connection - WARNING - Unable to connect due to network issues: [WinError 10051] A socket operation was attempted to an unreachable network
2021-05-31 20:24:27,242 - pyrogram.connection.connection - WARNING - Connection failed! Trying again...
2021-05-31 20:24:27,250 - pyrogram.connection.connection - WARNING - Unable to connect due to network issues: [WinError 10065] A socket operation was attempted to an unreachable host
2021-05-31 20:24:28,273 - pyrogram.connection.connection - WARNING - Unable to connect due to network issues: [WinError 10051] A socket operation was attempted to an unreachable network
2021-05-31 20:24:29,290 - pyrogram.connection.connection - WARNING - Unable to connect due to network issues: [WinError 10051] A socket operation was attempted to an unreachable network
2021-05-31 20:24:30,307 - pyrogram.connection.connection - WARNING - Connection failed! Trying again...
2021-05-31 20:24:30,338 - pyrogram.connection.connection - WARNING - Unable to connect due to network issues: [WinError 10051] A socket operation was attempted to an unreachable network
2021-05-31 20:24:31,361 - pyrogram.connection.connection - WARNING - Unable to connect due to network issues: [WinError 10051] A socket operation was attempted to an unreachable network
2021-05-31 20:26:13,810 - root - INFO - Stop signal received (2). Exiting...
2021-05-31 20:26:14,413 - bot - INFO - Uploading logs before stopping...!

2021-05-31 20:26:18,136 - bot - INFO - Bot Stopped [Runtime: 00h 05m 12ss]

        
