2021-06-01 12:49:55,214 - pyrogram.connection.connection - WARNING - Unable to connect due to network issues: timed out
2021-06-01 12:49:57,599 - bot - INFO - Starting bot...
2021-06-01 12:49:57,810 - bot - INFO - Pyrogram v1.2.9 (Layer - 126) started on string_tester_bot [1393190801]
2021-06-01 12:49:57,811 - bot - INFO - Python Version: 3.8.0

2021-06-01 12:49:57,812 - bot - INFO - Bot Started Successfully!

2021-06-01 12:50:21,922 - bot - INFO - Checking ban status -1001256022312
2021-06-01 12:50:21,922 - bot - INFO - Checking Existance of -1001256022312
2021-06-01 12:50:27,071 - bot - INFO - New Channel -1001256022312 [TERABYT3 DEALS] by iamAPK
2021-06-01 12:50:27,357 - pyrogram.parser.html - WARNING - Unclosed tags: <b> (x2)
2021-06-01 12:50:28,060 - bot - ERROR - [403 CHAT_WRITE_FORBIDDEN]: You don't have rights to send messages in this chat (caused by "messages.SendMessage")
2021-06-01 12:51:08,548 - root - INFO - Stop signal received (2). Exiting...
2021-06-01 12:51:09,123 - root - INFO - Stop signal received (2). Exiting...
2021-06-01 12:51:09,144 - root - INFO - Stop signal received (2). Exiting...
2021-06-01 12:51:09,197 - root - INFO - Stop signal received (2). Exiting...
2021-06-01 12:51:09,228 - root - INFO - Stop signal received (2). Exiting...
2021-06-01 12:51:09,261 - root - INFO - Stop signal received (2). Exiting...
2021-06-01 12:51:09,298 - root - INFO - Stop signal received (2). Exiting...
2021-06-01 12:51:09,330 - root - INFO - Stop signal received (2). Exiting...
2021-06-01 12:51:09,364 - root - INFO - Stop signal received (2). Exiting...
2021-06-01 12:51:09,398 - root - INFO - Stop signal received (2). Exiting...
2021-06-01 12:51:09,431 - bot - INFO - Uploading logs before stopping...!

2021-06-01 12:51:09,442 - root - INFO - Stop signal received (2). Exiting...
2021-06-01 12:51:09,619 - root - INFO - Stop signal received (2). Exiting...
2021-06-01 12:51:09,642 - root - INFO - Stop signal received (2). Exiting...
2021-06-01 12:51:11,446 - bot - INFO - Bot Stopped [Runtime: 00h 01m 28ss]

        
