2021-06-01 13:07:57,200 - bot - INFO - Starting bot...
2021-06-01 13:07:57,402 - bot - INFO - Pyrogram v1.2.9 (Layer - 126) started on string_tester_bot [1393190801]
2021-06-01 13:07:57,402 - bot - INFO - Python Version: 3.8.0

2021-06-01 13:07:57,402 - bot - INFO - Bot Started Successfully!

2021-06-01 13:08:01,519 - bot - INFO - updating members started
2021-06-01 13:08:01,534 - bot - INFO - updating memebers -1001256022312
2021-06-01 13:08:02,175 - bot - INFO - updating members completed
2021-06-01 13:08:22,642 - bot - INFO - Checking Existance of -1001256022312
2021-06-01 13:08:22,642 - bot - ERROR - get_channel() takes 0 positional arguments but 1 was given
2021-06-01 13:08:51,531 - root - INFO - Stop signal received (2). Exiting...
2021-06-01 13:08:51,751 - bot - INFO - Uploading logs before stopping...!

2021-06-01 13:09:01,779 - pyrogram.connection.connection - WARNING - Unable to connect due to network issues: timed out
2021-06-01 13:09:12,814 - pyrogram.connection.connection - WARNING - Unable to connect due to network issues: timed out
2021-06-01 13:09:12,818 - asyncio - ERROR - An open stream object is being garbage collected; call "stream.close()" explicitly.
2021-06-01 13:09:22,820 - pyrogram.connection.connection - WARNING - Unable to connect due to network issues: timed out
2021-06-01 13:09:32,823 - pyrogram.connection.connection - WARNING - Unable to connect due to network issues: timed out
2021-06-01 13:09:35,969 - root - INFO - Stop signal received (2). Exiting...
2021-06-01 13:09:36,259 - root - INFO - Stop signal received (2). Exiting...
2021-06-01 13:09:36,261 - pyrogram.connection.connection - WARNING - Connection failed! Trying again...
2021-06-01 13:09:36,426 - root - INFO - Stop signal received (2). Exiting...
2021-06-01 13:09:36,464 - root - INFO - Stop signal received (2). Exiting...
2021-06-01 13:09:36,497 - root - INFO - Stop signal received (2). Exiting...
2021-06-01 13:09:36,530 - root - INFO - Stop signal received (2). Exiting...
2021-06-01 13:09:36,563 - root - INFO - Stop signal received (2). Exiting...
2021-06-01 13:09:36,596 - root - INFO - Stop signal received (2). Exiting...
2021-06-01 13:09:36,637 - root - INFO - Stop signal received (2). Exiting...
2021-06-01 13:09:36,668 - root - INFO - Stop signal received (2). Exiting...
2021-06-01 13:09:36,710 - root - INFO - Stop signal received (2). Exiting...
2021-06-01 13:09:36,748 - root - INFO - Stop signal received (2). Exiting...
2021-06-01 13:09:36,777 - root - INFO - Stop signal received (2). Exiting...
2021-06-01 13:09:36,809 - root - INFO - Stop signal received (2). Exiting...
2021-06-01 13:09:36,842 - root - INFO - Stop signal received (2). Exiting...
2021-06-01 13:09:36,876 - root - INFO - Stop signal received (2). Exiting...
2021-06-01 13:09:36,918 - root - INFO - Stop signal received (2). Exiting...
2021-06-01 13:09:36,945 - root - INFO - Stop signal received (2). Exiting...
2021-06-01 13:09:36,980 - root - INFO - Stop signal received (2). Exiting...
2021-06-01 13:09:37,017 - root - INFO - Stop signal received (2). Exiting...
2021-06-01 13:09:37,069 - root - INFO - Stop signal received (2). Exiting...
2021-06-01 13:09:37,104 - root - INFO - Stop signal received (2). Exiting...
2021-06-01 13:09:37,118 - root - INFO - Stop signal received (2). Exiting...
2021-06-01 13:09:37,162 - root - INFO - Stop signal received (2). Exiting...
2021-06-01 13:09:37,188 - root - INFO - Stop signal received (2). Exiting...
2021-06-01 13:09:37,235 - root - INFO - Stop signal received (2). Exiting...
2021-06-01 13:09:37,268 - root - INFO - Stop signal received (2). Exiting...
2021-06-01 13:09:37,297 - root - INFO - Stop signal received (2). Exiting...
2021-06-01 13:09:37,340 - root - INFO - Stop signal received (2). Exiting...
2021-06-01 13:09:37,360 - root - INFO - Stop signal received (2). Exiting...
2021-06-01 13:09:37,396 - root - INFO - Stop signal received (2). Exiting...
2021-06-01 13:09:37,430 - root - INFO - Stop signal received (2). Exiting...
2021-06-01 13:09:37,467 - root - INFO - Stop signal received (2). Exiting...
2021-06-01 13:09:37,500 - root - INFO - Stop signal received (2). Exiting...
2021-06-01 13:09:37,554 - root - INFO - Stop signal received (2). Exiting...
2021-06-01 13:09:37,568 - root - INFO - Stop signal received (2). Exiting...
2021-06-01 13:09:37,606 - root - INFO - Stop signal received (2). Exiting...
2021-06-01 13:09:37,645 - root - INFO - Stop signal received (2). Exiting...
2021-06-01 13:09:37,674 - root - INFO - Stop signal received (2). Exiting...
2021-06-01 13:09:37,709 - root - INFO - Stop signal received (2). Exiting...
2021-06-01 13:09:37,747 - root - INFO - Stop signal received (2). Exiting...
2021-06-01 13:09:37,782 - root - INFO - Stop signal received (2). Exiting...
