2021-06-01 13:15:19,293 - bot - INFO - Starting bot...
2021-06-01 13:15:19,456 - bot - INFO - Pyrogram v1.2.9 (Layer - 126) started on string_tester_bot [1393190801]
2021-06-01 13:15:19,457 - bot - INFO - Python Version: 3.8.0

2021-06-01 13:15:19,457 - bot - INFO - Bot Started Successfully!

2021-06-01 13:15:55,908 - root - INFO - Stop signal received (2). Exiting...
2021-06-01 13:15:56,802 - bot - INFO - Uploading logs before stopping...!

2021-06-01 13:16:06,838 - pyrogram.connection.connection - WARNING - Unable to connect due to network issues: timed out
2021-06-01 13:16:06,956 - asyncio - ERROR - An open stream object is being garbage collected; call "stream.close()" explicitly.
2021-06-01 13:16:17,856 - pyrogram.connection.connection - WARNING - Unable to connect due to network issues: timed out
2021-06-01 13:16:27,861 - pyrogram.connection.connection - WARNING - Unable to connect due to network issues: timed out
2021-06-01 13:16:29,946 - root - INFO - Stop signal received (2). Exiting...
2021-06-01 13:17:10,300 - root - INFO - Stop signal received (2). Exiting...
2021-06-01 13:17:10,860 - root - INFO - Stop signal received (2). Exiting...
2021-06-01 13:17:10,910 - root - INFO - Stop signal received (2). Exiting...
2021-06-01 13:17:10,951 - root - INFO - Stop signal received (2). Exiting...
2021-06-01 13:17:10,973 - root - INFO - Stop signal received (2). Exiting...
2021-06-01 13:17:11,009 - root - INFO - Stop signal received (2). Exiting...
2021-06-01 13:17:11,043 - root - INFO - Stop signal received (2). Exiting...
2021-06-01 13:17:11,077 - root - INFO - Stop signal received (2). Exiting...
2021-06-01 13:17:11,112 - root - INFO - Stop signal received (2). Exiting...
2021-06-01 13:17:11,155 - root - INFO - Stop signal received (2). Exiting...
2021-06-01 13:17:11,187 - root - INFO - Stop signal received (2). Exiting...
2021-06-01 13:17:11,219 - root - INFO - Stop signal received (2). Exiting...
2021-06-01 13:17:11,253 - root - INFO - Stop signal received (2). Exiting...
2021-06-01 13:17:11,287 - root - INFO - Stop signal received (2). Exiting...
2021-06-01 13:17:11,317 - root - INFO - Stop signal received (2). Exiting...
2021-06-01 13:17:11,355 - root - INFO - Stop signal received (2). Exiting...
2021-06-01 13:17:11,388 - root - INFO - Stop signal received (2). Exiting...
2021-06-01 13:17:11,435 - root - INFO - Stop signal received (2). Exiting...
2021-06-01 13:17:11,469 - root - INFO - Stop signal received (2). Exiting...
2021-06-01 13:17:11,501 - root - INFO - Stop signal received (2). Exiting...
2021-06-01 13:17:12,820 - root - INFO - Stop signal received (2). Exiting...
2021-06-01 13:17:13,423 - root - INFO - Stop signal received (2). Exiting...
2021-06-01 13:17:13,700 - root - INFO - Stop signal received (2). Exiting...
2021-06-01 13:17:14,827 - root - INFO - Stop signal received (2). Exiting...
2021-06-01 13:17:15,396 - root - INFO - Stop signal received (2). Exiting...
2021-06-01 13:17:15,438 - root - INFO - Stop signal received (2). Exiting...
2021-06-01 13:17:15,470 - root - INFO - Stop signal received (2). Exiting...
2021-06-01 13:17:15,503 - root - INFO - Stop signal received (2). Exiting...
2021-06-01 13:17:15,537 - root - INFO - Stop signal received (2). Exiting...
2021-06-01 13:17:15,567 - root - INFO - Stop signal received (2). Exiting...
2021-06-01 13:17:15,602 - root - INFO - Stop signal received (2). Exiting...
2021-06-01 13:17:15,637 - root - INFO - Stop signal received (2). Exiting...
2021-06-01 13:17:15,671 - root - INFO - Stop signal received (2). Exiting...
2021-06-01 13:17:15,706 - root - INFO - Stop signal received (2). Exiting...
2021-06-01 13:17:15,753 - root - INFO - Stop signal received (2). Exiting...
2021-06-01 13:17:15,789 - root - INFO - Stop signal received (2). Exiting...
2021-06-01 13:17:15,809 - root - INFO - Stop signal received (2). Exiting...
2021-06-01 13:17:15,846 - root - INFO - Stop signal received (2). Exiting...
2021-06-01 13:17:15,887 - root - INFO - Stop signal received (2). Exiting...
2021-06-01 13:17:15,913 - root - INFO - Stop signal received (2). Exiting...
2021-06-01 13:17:15,947 - root - INFO - Stop signal received (2). Exiting...
2021-06-01 13:17:15,982 - root - INFO - Stop signal received (2). Exiting...
2021-06-01 13:17:16,016 - root - INFO - Stop signal received (2). Exiting...
2021-06-01 13:17:16,050 - root - INFO - Stop signal received (2). Exiting...
2021-06-01 13:17:16,087 - root - INFO - Stop signal received (2). Exiting...
2021-06-01 13:17:16,120 - root - INFO - Stop signal received (2). Exiting...
2021-06-01 13:17:16,157 - root - INFO - Stop signal received (2). Exiting...
2021-06-01 13:17:16,190 - root - INFO - Stop signal received (2). Exiting...
2021-06-01 13:17:16,224 - root - INFO - Stop signal received (2). Exiting...
2021-06-01 13:17:16,261 - root - INFO - Stop signal received (2). Exiting...
2021-06-01 13:17:16,295 - root - INFO - Stop signal received (2). Exiting...
2021-06-01 13:17:16,329 - root - INFO - Stop signal received (2). Exiting...
2021-06-01 13:17:16,370 - root - INFO - Stop signal received (2). Exiting...
2021-06-01 13:17:16,405 - root - INFO - Stop signal received (2). Exiting...
2021-06-01 13:17:16,440 - root - INFO - Stop signal received (2). Exiting...
2021-06-01 13:17:16,474 - root - INFO - Stop signal received (2). Exiting...
2021-06-01 13:17:16,510 - root - INFO - Stop signal received (2). Exiting...
2021-06-01 13:17:16,545 - root - INFO - Stop signal received (2). Exiting...
2021-06-01 13:17:16,579 - root - INFO - Stop signal received (2). Exiting...
2021-06-01 13:17:16,613 - root - INFO - Stop signal received (2). Exiting...
2021-06-01 13:17:16,654 - root - INFO - Stop signal received (2). Exiting...
2021-06-01 13:17:16,687 - root - INFO - Stop signal received (2). Exiting...
2021-06-01 13:17:16,720 - root - INFO - Stop signal received (2). Exiting...
2021-06-01 13:17:16,761 - root - INFO - Stop signal received (2). Exiting...
2021-06-01 13:17:16,786 - root - INFO - Stop signal received (2). Exiting...
2021-06-01 13:17:16,820 - root - INFO - Stop signal received (2). Exiting...
2021-06-01 13:17:16,856 - root - INFO - Stop signal received (2). Exiting...
2021-06-01 13:17:16,890 - root - INFO - Stop signal received (2). Exiting...
2021-06-01 13:17:16,923 - root - INFO - Stop signal received (2). Exiting...
2021-06-01 13:17:16,957 - root - INFO - Stop signal received (2). Exiting...
2021-06-01 13:17:17,004 - root - INFO - Stop signal received (2). Exiting...
2021-06-01 13:17:17,027 - root - INFO - Stop signal received (2). Exiting...
2021-06-01 13:17:17,072 - root - INFO - Stop signal received (2). Exiting...
2021-06-01 13:17:17,096 - root - INFO - Stop signal received (2). Exiting...
2021-06-01 13:17:17,131 - root - INFO - Stop signal received (2). Exiting...
2021-06-01 13:17:17,178 - root - INFO - Stop signal received (2). Exiting...
2021-06-01 13:17:17,200 - root - INFO - Stop signal received (2). Exiting...
2021-06-01 13:17:17,234 - root - INFO - Stop signal received (2). Exiting...
2021-06-01 13:17:17,269 - root - INFO - Stop signal received (2). Exiting...
2021-06-01 13:17:17,303 - root - INFO - Stop signal received (2). Exiting...
2021-06-01 13:17:17,338 - root - INFO - Stop signal received (2). Exiting...
2021-06-01 13:17:17,372 - root - INFO - Stop signal received (2). Exiting...
2021-06-01 13:17:17,409 - root - INFO - Stop signal received (2). Exiting...
2021-06-01 13:17:17,443 - root - INFO - Stop signal received (2). Exiting...
2021-06-01 13:17:17,479 - root - INFO - Stop signal received (2). Exiting...
2021-06-01 13:17:17,513 - root - INFO - Stop signal received (2). Exiting...
2021-06-01 13:17:17,553 - root - INFO - Stop signal received (2). Exiting...
2021-06-01 13:17:17,588 - root - INFO - Stop signal received (2). Exiting...
2021-06-01 13:17:17,624 - root - INFO - Stop signal received (2). Exiting...
2021-06-01 13:17:17,658 - root - INFO - Stop signal received (2). Exiting...
2021-06-01 13:17:17,691 - root - INFO - Stop signal received (2). Exiting...
2021-06-01 13:17:17,727 - root - INFO - Stop signal received (2). Exiting...
2021-06-01 13:17:17,760 - root - INFO - Stop signal received (2). Exiting...
2021-06-01 13:17:17,797 - root - INFO - Stop signal received (2). Exiting...
2021-06-01 13:17:17,831 - root - INFO - Stop signal received (2). Exiting...
2021-06-01 13:17:17,864 - root - INFO - Stop signal received (2). Exiting...
2021-06-01 13:17:17,910 - root - INFO - Stop signal received (2). Exiting...
2021-06-01 13:17:17,933 - root - INFO - Stop signal received (2). Exiting...
2021-06-01 13:17:17,975 - root - INFO - Stop signal received (2). Exiting...
2021-06-01 13:17:18,001 - root - INFO - Stop signal received (2). Exiting...
2021-06-01 13:17:18,038 - root - INFO - Stop signal received (2). Exiting...
2021-06-01 13:17:18,071 - root - INFO - Stop signal received (2). Exiting...
2021-06-01 13:17:18,105 - root - INFO - Stop signal received (2). Exiting...
2021-06-01 13:17:18,140 - root - INFO - Stop signal received (2). Exiting...
2021-06-01 13:17:18,174 - root - INFO - Stop signal received (2). Exiting...
2021-06-01 13:17:18,208 - root - INFO - Stop signal received (2). Exiting...
2021-06-01 13:17:18,243 - root - INFO - Stop signal received (2). Exiting...
2021-06-01 13:17:18,279 - root - INFO - Stop signal received (2). Exiting...
2021-06-01 13:17:18,313 - root - INFO - Stop signal received (2). Exiting...
2021-06-01 13:17:18,347 - root - INFO - Stop signal received (2). Exiting...
2021-06-01 13:17:18,387 - root - INFO - Stop signal received (2). Exiting...
2021-06-01 13:17:18,421 - root - INFO - Stop signal received (2). Exiting...
2021-06-01 13:17:18,455 - root - INFO - Stop signal received (2). Exiting...
2021-06-01 13:17:18,489 - root - INFO - Stop signal received (2). Exiting...
2021-06-01 13:17:18,520 - root - INFO - Stop signal received (2). Exiting...
2021-06-01 13:17:18,554 - root - INFO - Stop signal received (2). Exiting...
2021-06-01 13:17:18,593 - root - INFO - Stop signal received (2). Exiting...
2021-06-01 13:17:18,638 - root - INFO - Stop signal received (2). Exiting...
2021-06-01 13:17:18,671 - root - INFO - Stop signal received (2). Exiting...
2021-06-01 13:17:18,710 - root - INFO - Stop signal received (2). Exiting...
2021-06-01 13:17:18,736 - root - INFO - Stop signal received (2). Exiting...
2021-06-01 13:17:18,770 - root - INFO - Stop signal received (2). Exiting...
2021-06-01 13:17:18,806 - root - INFO - Stop signal received (2). Exiting...
2021-06-01 13:17:18,841 - root - INFO - Stop signal received (2). Exiting...
2021-06-01 13:17:18,889 - root - INFO - Stop signal received (2). Exiting...
2021-06-01 13:17:18,923 - root - INFO - Stop signal received (2). Exiting...
2021-06-01 13:17:18,956 - root - INFO - Stop signal received (2). Exiting...
2021-06-01 13:17:18,988 - root - INFO - Stop signal received (2). Exiting...
2021-06-01 13:17:19,014 - root - INFO - Stop signal received (2). Exiting...
2021-06-01 13:17:19,048 - root - INFO - Stop signal received (2). Exiting...
2021-06-01 13:17:19,089 - root - INFO - Stop signal received (2). Exiting...
2021-06-01 13:17:19,116 - root - INFO - Stop signal received (2). Exiting...
2021-06-01 13:17:19,152 - root - INFO - Stop signal received (2). Exiting...
2021-06-01 13:17:19,185 - root - INFO - Stop signal received (2). Exiting...
2021-06-01 13:17:19,221 - root - INFO - Stop signal received (2). Exiting...
2021-06-01 13:17:19,255 - root - INFO - Stop signal received (2). Exiting...
2021-06-01 13:17:19,291 - root - INFO - Stop signal received (2). Exiting...
2021-06-01 13:17:19,325 - root - INFO - Stop signal received (2). Exiting...
2021-06-01 13:17:19,359 - root - INFO - Stop signal received (2). Exiting...
2021-06-01 13:17:19,393 - root - INFO - Stop signal received (2). Exiting...
2021-06-01 13:17:19,438 - root - INFO - Stop signal received (2). Exiting...
2021-06-01 13:17:19,463 - root - INFO - Stop signal received (2). Exiting...
2021-06-01 13:17:19,496 - root - INFO - Stop signal received (2). Exiting...
2021-06-01 13:17:19,530 - root - INFO - Stop signal received (2). Exiting...
2021-06-01 13:17:19,566 - root - INFO - Stop signal received (2). Exiting...
2021-06-01 13:17:19,610 - root - INFO - Stop signal received (2). Exiting...
2021-06-01 13:17:19,634 - root - INFO - Stop signal received (2). Exiting...
2021-06-01 13:17:19,671 - root - INFO - Stop signal received (2). Exiting...
2021-06-01 13:17:19,706 - root - INFO - Stop signal received (2). Exiting...
2021-06-01 13:17:19,742 - root - INFO - Stop signal received (2). Exiting...
2021-06-01 13:17:19,777 - root - INFO - Stop signal received (2). Exiting...
2021-06-01 13:17:19,812 - root - INFO - Stop signal received (2). Exiting...
2021-06-01 13:17:19,852 - root - INFO - Stop signal received (2). Exiting...
2021-06-01 13:17:19,888 - root - INFO - Stop signal received (2). Exiting...
2021-06-01 13:17:19,924 - root - INFO - Stop signal received (2). Exiting...
2021-06-01 13:17:19,957 - root - INFO - Stop signal received (2). Exiting...
2021-06-01 13:17:19,992 - root - INFO - Stop signal received (2). Exiting...
2021-06-01 13:17:20,028 - root - INFO - Stop signal received (2). Exiting...
2021-06-01 13:17:20,061 - root - INFO - Stop signal received (2). Exiting...
2021-06-01 13:17:20,106 - root - INFO - Stop signal received (2). Exiting...
2021-06-01 13:17:20,138 - root - INFO - Stop signal received (2). Exiting...
2021-06-01 13:17:20,174 - root - INFO - Stop signal received (2). Exiting...
2021-06-01 13:17:20,205 - root - INFO - Stop signal received (2). Exiting...
2021-06-01 13:17:20,238 - root - INFO - Stop signal received (2). Exiting...
2021-06-01 13:17:20,268 - root - INFO - Stop signal received (2). Exiting...
2021-06-01 13:17:20,302 - root - INFO - Stop signal received (2). Exiting...
2021-06-01 13:17:20,336 - root - INFO - Stop signal received (2). Exiting...
2021-06-01 13:17:20,375 - root - INFO - Stop signal received (2). Exiting...
2021-06-01 13:17:20,409 - root - INFO - Stop signal received (2). Exiting...
2021-06-01 13:17:20,442 - root - INFO - Stop signal received (2). Exiting...
2021-06-01 13:17:20,475 - root - INFO - Stop signal received (2). Exiting...
2021-06-01 13:17:20,525 - root - INFO - Stop signal received (2). Exiting...
2021-06-01 13:17:20,544 - root - INFO - Stop signal received (2). Exiting...
2021-06-01 13:17:20,578 - root - INFO - Stop signal received (2). Exiting...
2021-06-01 13:17:20,623 - root - INFO - Stop signal received (2). Exiting...
2021-06-01 13:17:20,649 - root - INFO - Stop signal received (2). Exiting...
2021-06-01 13:17:20,683 - root - INFO - Stop signal received (2). Exiting...
2021-06-01 13:17:20,718 - root - INFO - Stop signal received (2). Exiting...
2021-06-01 13:17:20,752 - root - INFO - Stop signal received (2). Exiting...
2021-06-01 13:17:20,785 - root - INFO - Stop signal received (2). Exiting...
2021-06-01 13:17:20,820 - root - INFO - Stop signal received (2). Exiting...
2021-06-01 13:17:20,855 - root - INFO - Stop signal received (2). Exiting...
2021-06-01 13:17:20,893 - root - INFO - Stop signal received (2). Exiting...
2021-06-01 13:17:20,927 - root - INFO - Stop signal received (2). Exiting...
2021-06-01 13:17:20,964 - root - INFO - Stop signal received (2). Exiting...
2021-06-01 13:17:20,998 - root - INFO - Stop signal received (2). Exiting...
2021-06-01 13:17:21,037 - root - INFO - Stop signal received (2). Exiting...
2021-06-01 13:17:21,072 - root - INFO - Stop signal received (2). Exiting...
2021-06-01 13:17:21,111 - root - INFO - Stop signal received (2). Exiting...
2021-06-01 13:17:21,142 - root - INFO - Stop signal received (2). Exiting...
2021-06-01 13:17:21,175 - root - INFO - Stop signal received (2). Exiting...
2021-06-01 13:17:21,219 - root - INFO - Stop signal received (2). Exiting...
2021-06-01 13:17:21,286 - root - INFO - Stop signal received (2). Exiting...
2021-06-01 13:17:21,286 - root - INFO - Stop signal received (2). Exiting...
2021-06-01 13:17:21,351 - root - INFO - Stop signal received (2). Exiting...
2021-06-01 13:17:21,363 - root - INFO - Stop signal received (2). Exiting...
2021-06-01 13:17:21,382 - root - INFO - Stop signal received (2). Exiting...
2021-06-01 13:17:21,418 - root - INFO - Stop signal received (2). Exiting...
2021-06-01 13:17:21,451 - root - INFO - Stop signal received (2). Exiting...
2021-06-01 13:17:21,486 - root - INFO - Stop signal received (2). Exiting...
2021-06-01 13:17:21,520 - root - INFO - Stop signal received (2). Exiting...
2021-06-01 13:17:21,555 - root - INFO - Stop signal received (2). Exiting...
2021-06-01 13:17:21,589 - root - INFO - Stop signal received (2). Exiting...
2021-06-01 13:17:21,623 - root - INFO - Stop signal received (2). Exiting...
2021-06-01 13:17:21,659 - root - INFO - Stop signal received (2). Exiting...
2021-06-01 13:17:21,693 - root - INFO - Stop signal received (2). Exiting...
2021-06-01 13:17:21,729 - root - INFO - Stop signal received (2). Exiting...
2021-06-01 13:17:21,764 - root - INFO - Stop signal received (2). Exiting...
2021-06-01 13:17:21,798 - root - INFO - Stop signal received (2). Exiting...
2021-06-01 13:17:21,833 - root - INFO - Stop signal received (2). Exiting...
2021-06-01 13:17:21,873 - root - INFO - Stop signal received (2). Exiting...
2021-06-01 13:17:21,906 - root - INFO - Stop signal received (2). Exiting...
2021-06-01 13:17:21,940 - root - INFO - Stop signal received (2). Exiting...
2021-06-01 13:17:21,972 - root - INFO - Stop signal received (2). Exiting...
2021-06-01 13:17:22,005 - root - INFO - Stop signal received (2). Exiting...
2021-06-01 13:17:22,040 - root - INFO - Stop signal received (2). Exiting...
2021-06-01 13:17:22,090 - root - INFO - Stop signal received (2). Exiting...
2021-06-01 13:17:22,123 - root - INFO - Stop signal received (2). Exiting...
2021-06-01 13:17:22,156 - root - INFO - Stop signal received (2). Exiting...
2021-06-01 13:17:22,341 - root - INFO - Stop signal received (2). Exiting...
2021-06-01 13:17:22,891 - root - INFO - Stop signal received (2). Exiting...
2021-06-01 13:17:22,935 - root - INFO - Stop signal received (2). Exiting...
2021-06-01 13:17:22,973 - root - INFO - Stop signal received (2). Exiting...
2021-06-01 13:17:22,998 - root - INFO - Stop signal received (2). Exiting...
2021-06-01 13:17:23,034 - root - INFO - Stop signal received (2). Exiting...
2021-06-01 13:17:23,066 - root - INFO - Stop signal received (2). Exiting...
2021-06-01 13:17:23,101 - root - INFO - Stop signal received (2). Exiting...
2021-06-01 13:17:23,136 - root - INFO - Stop signal received (2). Exiting...
2021-06-01 13:17:23,171 - root - INFO - Stop signal received (2). Exiting...
2021-06-01 13:17:23,205 - root - INFO - Stop signal received (2). Exiting...
2021-06-01 13:17:23,241 - root - INFO - Stop signal received (2). Exiting...
2021-06-01 13:17:23,274 - root - INFO - Stop signal received (2). Exiting...
2021-06-01 13:17:23,324 - root - INFO - Stop signal received (2). Exiting...
2021-06-01 13:17:23,344 - root - INFO - Stop signal received (2). Exiting...
2021-06-01 13:17:23,379 - root - INFO - Stop signal received (2). Exiting...
2021-06-01 13:17:23,414 - root - INFO - Stop signal received (2). Exiting...
2021-06-01 13:17:23,447 - root - INFO - Stop signal received (2). Exiting...
2021-06-01 13:17:23,483 - root - INFO - Stop signal received (2). Exiting...
2021-06-01 13:17:23,515 - root - INFO - Stop signal received (2). Exiting...
2021-06-01 13:17:23,549 - root - INFO - Stop signal received (2). Exiting...
2021-06-01 13:17:23,584 - root - INFO - Stop signal received (2). Exiting...
2021-06-01 13:17:23,624 - root - INFO - Stop signal received (2). Exiting...
2021-06-01 13:17:23,656 - root - INFO - Stop signal received (2). Exiting...
2021-06-01 13:17:23,692 - root - INFO - Stop signal received (2). Exiting...
2021-06-01 13:17:23,717 - root - INFO - Stop signal received (2). Exiting...
2021-06-01 13:17:23,750 - root - INFO - Stop signal received (2). Exiting...
2021-06-01 13:17:23,791 - root - INFO - Stop signal received (2). Exiting...
2021-06-01 13:17:23,819 - root - INFO - Stop signal received (2). Exiting...
2021-06-01 13:17:23,853 - root - INFO - Stop signal received (2). Exiting...
2021-06-01 13:17:23,885 - root - INFO - Stop signal received (2). Exiting...
2021-06-01 13:17:23,921 - root - INFO - Stop signal received (2). Exiting...
2021-06-01 13:17:23,954 - root - INFO - Stop signal received (2). Exiting...
2021-06-01 13:17:23,989 - root - INFO - Stop signal received (2). Exiting...
2021-06-01 13:17:24,141 - root - INFO - Stop signal received (2). Exiting...
2021-06-01 13:17:24,166 - root - INFO - Stop signal received (2). Exiting...
2021-06-01 13:17:24,207 - root - INFO - Stop signal received (2). Exiting...
2021-06-01 13:17:24,235 - root - INFO - Stop signal received (2). Exiting...
2021-06-01 13:17:24,268 - root - INFO - Stop signal received (2). Exiting...
2021-06-01 13:17:26,486 - root - INFO - Stop signal received (2). Exiting...
2021-06-01 13:17:27,053 - root - INFO - Stop signal received (2). Exiting...
2021-06-01 13:17:27,087 - root - INFO - Stop signal received (2). Exiting...
2021-06-01 13:17:27,122 - root - INFO - Stop signal received (2). Exiting...
2021-06-01 13:17:27,164 - root - INFO - Stop signal received (2). Exiting...
2021-06-01 13:17:27,196 - root - INFO - Stop signal received (2). Exiting...
2021-06-01 13:17:27,230 - root - INFO - Stop signal received (2). Exiting...
2021-06-01 13:17:27,260 - root - INFO - Stop signal received (2). Exiting...
2021-06-01 13:17:27,295 - root - INFO - Stop signal received (2). Exiting...
2021-06-01 13:17:27,341 - root - INFO - Stop signal received (2). Exiting...
2021-06-01 13:17:27,363 - root - INFO - Stop signal received (2). Exiting...
2021-06-01 13:17:27,398 - root - INFO - Stop signal received (2). Exiting...
2021-06-01 13:17:27,432 - root - INFO - Stop signal received (2). Exiting...
2021-06-01 13:17:27,471 - root - INFO - Stop signal received (2). Exiting...
2021-06-01 13:17:27,502 - root - INFO - Stop signal received (2). Exiting...
2021-06-01 13:17:27,540 - root - INFO - Stop signal received (2). Exiting...
2021-06-01 13:17:27,571 - root - INFO - Stop signal received (2). Exiting...
2021-06-01 13:17:27,606 - root - INFO - Stop signal received (2). Exiting...
2021-06-01 13:17:27,643 - root - INFO - Stop signal received (2). Exiting...
2021-06-01 13:17:27,677 - root - INFO - Stop signal received (2). Exiting...
2021-06-01 13:17:27,712 - root - INFO - Stop signal received (2). Exiting...
2021-06-01 13:17:27,753 - root - INFO - Stop signal received (2). Exiting...
2021-06-01 13:17:27,786 - root - INFO - Stop signal received (2). Exiting...
2021-06-01 13:17:27,824 - root - INFO - Stop signal received (2). Exiting...
2021-06-01 13:17:27,856 - root - INFO - Stop signal received (2). Exiting...
2021-06-01 13:17:27,893 - root - INFO - Stop signal received (2). Exiting...
2021-06-01 13:17:27,927 - root - INFO - Stop signal received (2). Exiting...
2021-06-01 13:17:27,960 - root - INFO - Stop signal received (2). Exiting...
2021-06-01 13:17:27,997 - root - INFO - Stop signal received (2). Exiting...
2021-06-01 13:17:28,038 - root - INFO - Stop signal received (2). Exiting...
2021-06-01 13:17:28,065 - root - INFO - Stop signal received (2). Exiting...
2021-06-01 13:17:28,107 - root - INFO - Stop signal received (2). Exiting...
2021-06-01 13:17:28,134 - root - INFO - Stop signal received (2). Exiting...
2021-06-01 13:17:28,170 - root - INFO - Stop signal received (2). Exiting...
2021-06-01 13:17:28,204 - root - INFO - Stop signal received (2). Exiting...
2021-06-01 13:17:28,237 - root - INFO - Stop signal received (2). Exiting...
2021-06-01 13:17:28,273 - root - INFO - Stop signal received (2). Exiting...
2021-06-01 13:17:28,305 - root - INFO - Stop signal received (2). Exiting...
2021-06-01 13:17:28,350 - root - INFO - Stop signal received (2). Exiting...
2021-06-01 13:17:30,790 - root - INFO - Stop signal received (2). Exiting...
2021-06-01 13:17:31,368 - root - INFO - Stop signal received (2). Exiting...
2021-06-01 13:17:31,412 - root - INFO - Stop signal received (2). Exiting...
2021-06-01 13:17:31,428 - root - INFO - Stop signal received (2). Exiting...
2021-06-01 13:17:31,480 - root - INFO - Stop signal received (2). Exiting...
2021-06-01 13:17:31,506 - root - INFO - Stop signal received (2). Exiting...
2021-06-01 13:17:31,539 - root - INFO - Stop signal received (2). Exiting...
2021-06-01 13:17:31,576 - root - INFO - Stop signal received (2). Exiting...
2021-06-01 13:17:31,609 - root - INFO - Stop signal received (2). Exiting...
2021-06-01 13:17:31,643 - root - INFO - Stop signal received (2). Exiting...
2021-06-01 13:17:31,679 - root - INFO - Stop signal received (2). Exiting...
2021-06-01 13:17:31,712 - root - INFO - Stop signal received (2). Exiting...
2021-06-01 13:17:31,755 - root - INFO - Stop signal received (2). Exiting...
2021-06-01 13:17:31,780 - root - INFO - Stop signal received (2). Exiting...
2021-06-01 13:17:31,823 - root - INFO - Stop signal received (2). Exiting...
2021-06-01 13:17:31,850 - root - INFO - Stop signal received (2). Exiting...
2021-06-01 13:17:31,889 - root - INFO - Stop signal received (2). Exiting...
2021-06-01 13:17:31,921 - root - INFO - Stop signal received (2). Exiting...
2021-06-01 13:17:31,955 - root - INFO - Stop signal received (2). Exiting...
2021-06-01 13:17:31,990 - root - INFO - Stop signal received (2). Exiting...
2021-06-01 13:17:32,023 - root - INFO - Stop signal received (2). Exiting...
2021-06-01 13:17:32,057 - root - INFO - Stop signal received (2). Exiting...
2021-06-01 13:17:32,098 - root - INFO - Stop signal received (2). Exiting...
2021-06-01 13:17:32,135 - root - INFO - Stop signal received (2). Exiting...
2021-06-01 13:17:32,172 - root - INFO - Stop signal received (2). Exiting...
2021-06-01 13:17:32,229 - root - INFO - Stop signal received (2). Exiting...
2021-06-01 13:17:32,281 - root - INFO - Stop signal received (2). Exiting...
2021-06-01 13:17:32,303 - root - INFO - Stop signal received (2). Exiting...
2021-06-01 13:17:32,342 - root - INFO - Stop signal received (2). Exiting...
2021-06-01 13:17:32,381 - root - INFO - Stop signal received (2). Exiting...
2021-06-01 13:17:32,411 - root - INFO - Stop signal received (2). Exiting...
2021-06-01 13:17:32,446 - root - INFO - Stop signal received (2). Exiting...
2021-06-01 13:17:32,480 - root - INFO - Stop signal received (2). Exiting...
2021-06-01 13:17:32,515 - root - INFO - Stop signal received (2). Exiting...
2021-06-01 13:17:32,549 - root - INFO - Stop signal received (2). Exiting...
2021-06-01 13:17:32,589 - root - INFO - Stop signal received (2). Exiting...
2021-06-01 13:17:32,619 - root - INFO - Stop signal received (2). Exiting...
2021-06-01 13:17:32,659 - root - INFO - Stop signal received (2). Exiting...
2021-06-01 13:17:32,679 - root - INFO - Stop signal received (2). Exiting...
2021-06-01 13:17:32,722 - root - INFO - Stop signal received (2). Exiting...
2021-06-01 13:17:32,757 - root - INFO - Stop signal received (2). Exiting...
2021-06-01 13:17:32,792 - root - INFO - Stop signal received (2). Exiting...
2021-06-01 13:17:32,824 - root - INFO - Stop signal received (2). Exiting...
2021-06-01 13:17:32,859 - root - INFO - Stop signal received (2). Exiting...
2021-06-01 13:17:32,893 - root - INFO - Stop signal received (2). Exiting...
2021-06-01 13:17:32,927 - root - INFO - Stop signal received (2). Exiting...
2021-06-01 13:17:32,964 - root - INFO - Stop signal received (2). Exiting...
2021-06-01 13:17:33,004 - root - INFO - Stop signal received (2). Exiting...
2021-06-01 13:17:33,033 - root - INFO - Stop signal received (2). Exiting...
2021-06-01 13:17:33,075 - root - INFO - Stop signal received (2). Exiting...
2021-06-01 13:17:33,103 - root - INFO - Stop signal received (2). Exiting...
2021-06-01 13:17:33,140 - root - INFO - Stop signal received (2). Exiting...
2021-06-01 13:17:33,172 - root - INFO - Stop signal received (2). Exiting...
2021-06-01 13:17:33,206 - root - INFO - Stop signal received (2). Exiting...
2021-06-01 13:17:33,241 - root - INFO - Stop signal received (2). Exiting...
2021-06-01 13:17:33,275 - root - INFO - Stop signal received (2). Exiting...
2021-06-01 13:17:33,311 - root - INFO - Stop signal received (2). Exiting...
2021-06-01 13:17:33,345 - root - INFO - Stop signal received (2). Exiting...
2021-06-01 13:17:33,387 - root - INFO - Stop signal received (2). Exiting...
2021-06-01 13:17:33,419 - root - INFO - Stop signal received (2). Exiting...
2021-06-01 13:17:33,457 - root - INFO - Stop signal received (2). Exiting...
2021-06-01 13:17:33,493 - root - INFO - Stop signal received (2). Exiting...
2021-06-01 13:17:33,527 - root - INFO - Stop signal received (2). Exiting...
2021-06-01 13:17:33,567 - root - INFO - Stop signal received (2). Exiting...
2021-06-01 13:17:33,601 - root - INFO - Stop signal received (2). Exiting...
2021-06-01 13:17:33,638 - root - INFO - Stop signal received (2). Exiting...
2021-06-01 13:17:33,668 - root - INFO - Stop signal received (2). Exiting...
2021-06-01 13:17:33,707 - root - INFO - Stop signal received (2). Exiting...
2021-06-01 13:17:33,735 - root - INFO - Stop signal received (2). Exiting...
2021-06-01 13:17:33,774 - root - INFO - Stop signal received (2). Exiting...
2021-06-01 13:17:33,804 - root - INFO - Stop signal received (2). Exiting...
2021-06-01 13:17:33,845 - root - INFO - Stop signal received (2). Exiting...
2021-06-01 13:17:33,873 - root - INFO - Stop signal received (2). Exiting...
2021-06-01 13:17:33,913 - root - INFO - Stop signal received (2). Exiting...
2021-06-01 13:17:33,934 - root - INFO - Stop signal received (2). Exiting...
2021-06-01 13:17:33,977 - root - INFO - Stop signal received (2). Exiting...
2021-06-01 13:17:34,011 - root - INFO - Stop signal received (2). Exiting...
2021-06-01 13:17:34,045 - root - INFO - Stop signal received (2). Exiting...
2021-06-01 13:17:34,081 - root - INFO - Stop signal received (2). Exiting...
2021-06-01 13:17:34,115 - root - INFO - Stop signal received (2). Exiting...
2021-06-01 13:17:34,147 - root - INFO - Stop signal received (2). Exiting...
2021-06-01 13:17:34,184 - root - INFO - Stop signal received (2). Exiting...
2021-06-01 13:17:34,225 - root - INFO - Stop signal received (2). Exiting...
2021-06-01 13:17:34,253 - root - INFO - Stop signal received (2). Exiting...
2021-06-01 13:17:34,290 - root - INFO - Stop signal received (2). Exiting...
2021-06-01 13:17:34,322 - root - INFO - Stop signal received (2). Exiting...
2021-06-01 13:17:34,359 - root - INFO - Stop signal received (2). Exiting...
2021-06-01 13:17:34,394 - root - INFO - Stop signal received (2). Exiting...
2021-06-01 13:17:34,425 - root - INFO - Stop signal received (2). Exiting...
2021-06-01 13:17:34,460 - root - INFO - Stop signal received (2). Exiting...
2021-06-01 13:17:34,494 - root - INFO - Stop signal received (2). Exiting...
2021-06-01 13:17:34,541 - root - INFO - Stop signal received (2). Exiting...
2021-06-01 13:17:34,569 - root - INFO - Stop signal received (2). Exiting...
2021-06-01 13:17:34,603 - root - INFO - Stop signal received (2). Exiting...
2021-06-01 13:17:34,641 - root - INFO - Stop signal received (2). Exiting...
2021-06-01 13:17:34,676 - root - INFO - Stop signal received (2). Exiting...
2021-06-01 13:17:34,711 - root - INFO - Stop signal received (2). Exiting...
2021-06-01 13:17:34,753 - root - INFO - Stop signal received (2). Exiting...
2021-06-01 13:17:34,781 - root - INFO - Stop signal received (2). Exiting...
2021-06-01 13:17:34,824 - root - INFO - Stop signal received (2). Exiting...
2021-06-01 13:17:34,851 - root - INFO - Stop signal received (2). Exiting...
2021-06-01 13:17:34,890 - root - INFO - Stop signal received (2). Exiting...
2021-06-01 13:17:34,919 - root - INFO - Stop signal received (2). Exiting...
2021-06-01 13:17:34,954 - root - INFO - Stop signal received (2). Exiting...
2021-06-01 13:17:34,993 - root - INFO - Stop signal received (2). Exiting...
2021-06-01 13:17:35,014 - root - INFO - Stop signal received (2). Exiting...
2021-06-01 13:17:35,058 - root - INFO - Stop signal received (2). Exiting...
2021-06-01 13:17:35,092 - root - INFO - Stop signal received (2). Exiting...
2021-06-01 13:17:35,134 - root - INFO - Stop signal received (2). Exiting...
2021-06-01 13:17:35,161 - root - INFO - Stop signal received (2). Exiting...
2021-06-01 13:17:35,195 - root - INFO - Stop signal received (2). Exiting...
2021-06-01 13:17:35,231 - root - INFO - Stop signal received (2). Exiting...
2021-06-01 13:17:35,265 - root - INFO - Stop signal received (2). Exiting...
2021-06-01 13:17:35,299 - root - INFO - Stop signal received (2). Exiting...
2021-06-01 13:17:35,330 - root - INFO - Stop signal received (2). Exiting...
2021-06-01 13:17:35,368 - root - INFO - Stop signal received (2). Exiting...
2021-06-01 13:17:35,412 - root - INFO - Stop signal received (2). Exiting...
2021-06-01 13:17:35,435 - root - INFO - Stop signal received (2). Exiting...
2021-06-01 13:17:35,474 - root - INFO - Stop signal received (2). Exiting...
2021-06-01 13:17:35,508 - root - INFO - Stop signal received (2). Exiting...
2021-06-01 13:17:35,542 - root - INFO - Stop signal received (2). Exiting...
2021-06-01 13:17:35,575 - root - INFO - Stop signal received (2). Exiting...
2021-06-01 13:17:35,611 - root - INFO - Stop signal received (2). Exiting...
2021-06-01 13:17:35,645 - root - INFO - Stop signal received (2). Exiting...
2021-06-01 13:17:35,683 - root - INFO - Stop signal received (2). Exiting...
2021-06-01 13:17:35,723 - root - INFO - Stop signal received (2). Exiting...
2021-06-01 13:17:35,757 - root - INFO - Stop signal received (2). Exiting...
2021-06-01 13:17:35,787 - root - INFO - Stop signal received (2). Exiting...
2021-06-01 13:17:35,827 - root - INFO - Stop signal received (2). Exiting...
2021-06-01 13:17:35,861 - root - INFO - Stop signal received (2). Exiting...
2021-06-01 13:17:35,895 - root - INFO - Stop signal received (2). Exiting...
2021-06-01 13:17:35,932 - root - INFO - Stop signal received (2). Exiting...
2021-06-01 13:17:35,975 - root - INFO - Stop signal received (2). Exiting...
2021-06-01 13:17:36,008 - root - INFO - Stop signal received (2). Exiting...
2021-06-01 13:17:36,034 - root - INFO - Stop signal received (2). Exiting...
2021-06-01 13:17:36,074 - root - INFO - Stop signal received (2). Exiting...
2021-06-01 13:17:36,108 - root - INFO - Stop signal received (2). Exiting...
2021-06-01 13:17:36,140 - root - INFO - Stop signal received (2). Exiting...
2021-06-01 13:17:36,177 - root - INFO - Stop signal received (2). Exiting...
2021-06-01 13:17:36,208 - root - INFO - Stop signal received (2). Exiting...
2021-06-01 13:17:36,242 - root - INFO - Stop signal received (2). Exiting...
2021-06-01 13:17:36,276 - root - INFO - Stop signal received (2). Exiting...
2021-06-01 13:17:36,317 - root - INFO - Stop signal received (2). Exiting...
2021-06-01 13:17:36,345 - root - INFO - Stop signal received (2). Exiting...
2021-06-01 13:17:36,379 - root - INFO - Stop signal received (2). Exiting...
2021-06-01 13:17:36,417 - root - INFO - Stop signal received (2). Exiting...
2021-06-01 13:17:36,458 - root - INFO - Stop signal received (2). Exiting...
