2021-06-01 13:11:28,000 - bot - INFO - Starting bot...
2021-06-01 13:11:28,483 - bot - INFO - Pyrogram v1.2.9 (Layer - 126) started on string_tester_bot [1393190801]
2021-06-01 13:11:28,484 - bot - INFO - Python Version: 3.8.0

2021-06-01 13:11:28,485 - bot - INFO - Bot Started Successfully!

2021-06-01 13:12:06,248 - bot - ERROR - 'NoneType' object has no attribute 'channel_id'
2021-06-01 13:12:16,893 - bot - INFO - BOT STATISTICS : 
 <b>Total users :</b> 2

<b>Total Admins :</b> 2

<b>Registerd channels :</b> 0

<b>Banned channels :</b> 1
2021-06-01 13:12:32,273 - bot - INFO - Checking Existance of -1001256022312
2021-06-01 13:12:41,379 - bot - ERROR - 'NoneType' object has no attribute 'id'
2021-06-01 13:13:19,707 - bot - INFO - Checking ban status -1001256022312
2021-06-01 13:13:19,707 - bot - INFO - Checking Existance of -1001256022312
2021-06-01 13:13:25,368 - bot - INFO - New Channel -1001256022312 [TERABYT3 DEALS] by iamAPK
2021-06-01 13:13:25,679 - pyrogram.parser.html - WARNING - Unclosed tags: <b> (x2)
2021-06-01 13:13:25,940 - bot - INFO - Channel Added TERABYT3 DEALS
2021-06-01 13:13:42,813 - bot - INFO - Checking Existance of -1001256022312
2021-06-01 13:13:43,043 - bot - INFO - channel -1001256022312 banned 
2021-06-01 13:13:43,044 - bot - INFO - channel removed -1001256022312
2021-06-01 13:13:57,330 - bot - INFO - Checking ban status -1001256022312
2021-06-01 13:14:41,481 - bot - INFO - Checking ban status -1001256022312
2021-06-01 13:14:41,484 - bot - INFO - Checking Existance of -1001256022312
2021-06-01 13:14:47,215 - bot - INFO - New Channel -1001256022312 [TERABYT3 DEALS] by iamAPK
2021-06-01 13:14:47,661 - pyrogram.parser.html - WARNING - Unclosed tags: <b> (x2)
2021-06-01 13:14:48,083 - bot - INFO - Channel Added TERABYT3 DEALS
2021-06-01 13:15:10,086 - root - INFO - Stop signal received (2). Exiting...
2021-06-01 13:15:10,868 - bot - INFO - Uploading logs before stopping...!

2021-06-01 13:15:12,869 - bot - INFO - Bot Stopped [Runtime: 00h 03m 48ss]

        
