2021-05-31 16:28:37,195 - sqlalchemy.engine.Engine - INFO - select version()
2021-05-31 16:28:37,275 - sqlalchemy.engine.Engine - INFO - [raw sql] {}
2021-05-31 16:28:37,291 - sqlalchemy.engine.Engine - INFO - select current_schema()
2021-05-31 16:28:37,306 - sqlalchemy.engine.Engine - INFO - [raw sql] {}
2021-05-31 16:28:37,316 - sqlalchemy.engine.Engine - INFO - show standard_conforming_strings
2021-05-31 16:28:37,317 - sqlalchemy.engine.Engine - INFO - [raw sql] {}
2021-05-31 16:28:37,319 - sqlalchemy.engine.Engine - INFO - BEGIN (implicit)
2021-05-31 16:28:37,323 - sqlalchemy.engine.Engine - INFO - COMMIT
2021-05-31 16:29:00,700 - sqlalchemy.engine.Engine - INFO - BEGIN (implicit)
2021-05-31 16:29:00,716 - sqlalchemy.engine.Engine - INFO - select relname from pg_class c join pg_namespace n on n.oid=c.relnamespace where pg_catalog.pg_table_is_visible(c.oid) and relname=%(name)s
2021-05-31 16:29:00,718 - sqlalchemy.engine.Engine - INFO - [generated in 0.00178s] {'name': 'users'}
2021-05-31 16:29:01,221 - sqlalchemy.engine.Engine - INFO - 
CREATE TABLE users (
	id SERIAL NOT NULL, 
	chat_id INTEGER, 
	first_name VARCHAR, 
	last_name VARCHAR, 
	username VARCHAR, 
	date DATE, 
	PRIMARY KEY (id)
)


2021-05-31 16:29:01,221 - sqlalchemy.engine.Engine - INFO - [no key 0.00133s] {}
2021-05-31 16:29:03,975 - sqlalchemy.engine.Engine - INFO - COMMIT
2021-05-31 16:29:04,526 - bot - INFO - Starting bot...
2021-05-31 16:29:04,910 - bot - INFO - Pyrogram v1.2.9 (Layer - 126) started on terabyt3promobot [1274744123]
2021-05-31 16:29:04,911 - bot - INFO - Python Version: 3.8.0

2021-05-31 16:29:04,911 - bot - INFO - Bot Started Successfully!

2021-05-31 16:31:29,810 - root - INFO - Stop signal received (2). Exiting...
2021-05-31 16:31:29,828 - bot - INFO - Uploading logs before stopping...!

2021-05-31 16:31:32,170 - bot - INFO - Bot Stopped [Runtime: 00h 02m 57ss]

        
